<?xml version="1.0" encoding="UTF-8"?>
<robot generator="Robot 6.0.1 (Python 3.11.1 on win32)" generated="20230111 09:47:16.780" rpa="false" schemaversion="3">
<suite id="s1" name="Amazon Testes" source="C:\PocRobot\RobotFramework\WebTesting\amazon_testes.robot">
<test id="s1-t1" name="Caso de Teste 04 - Remover Produto do Carrinho" line="43">
<kw name="Abrir o navegador" library="amazon_resources" type="SETUP">
<kw name="Open Browser" library="SeleniumLibrary">
<arg>browser=chrome</arg>
<doc>Opens a new browser instance to the optional ``url``.</doc>
<msg timestamp="20230111 09:47:17.008" level="INFO">Opening browser 'chrome' to base url 'None'.</msg>
<status status="PASS" starttime="20230111 09:47:17.008" endtime="20230111 09:47:18.360"/>
</kw>
<kw name="Maximize Browser Window" library="SeleniumLibrary">
<doc>Maximizes current browser window.</doc>
<status status="PASS" starttime="20230111 09:47:18.360" endtime="20230111 09:47:18.518"/>
</kw>
<status status="PASS" starttime="20230111 09:47:17.008" endtime="20230111 09:47:18.518"/>
</kw>
<kw name="Acessar a home page do site Amazon.com.br" library="amazon_resources">
<kw name="Go To" library="SeleniumLibrary">
<arg>url=${URL}</arg>
<doc>Navigates the current browser window to the provided ``url``.</doc>
<msg timestamp="20230111 09:47:18.518" level="INFO">Opening url 'https://www.amazon.com.br'</msg>
<status status="PASS" starttime="20230111 09:47:18.518" endtime="20230111 09:47:21.085"/>
</kw>
<kw name="Wait Until Element Is Visible" library="SeleniumLibrary">
<arg>locator=${MENU_ELETRONICOS}</arg>
<doc>Waits until the element ``locator`` is visible.</doc>
<status status="PASS" starttime="20230111 09:47:21.085" endtime="20230111 09:47:21.165"/>
</kw>
<status status="PASS" starttime="20230111 09:47:18.518" endtime="20230111 09:47:21.165"/>
</kw>
<kw name="Digitar o nome de produto &quot;Xbox Series S&quot; no campo de pesquisa" library="amazon_resources" sourcename="Digitar o nome de produto &quot;${PRODUTO}&quot; no campo de pesquisa">
<kw name="Input Text" library="SeleniumLibrary">
<arg>locator=//input[contains(@type,'text')]</arg>
<arg>text=${PRODUTO}</arg>
<doc>Types the given ``text`` into the text field identified by ``locator``.</doc>
<msg timestamp="20230111 09:47:21.165" level="INFO">Typing text 'Xbox Series S' into text field '//input[contains(@type,'text')]'.</msg>
<status status="PASS" starttime="20230111 09:47:21.165" endtime="20230111 09:47:21.438"/>
</kw>
<status status="PASS" starttime="20230111 09:47:21.165" endtime="20230111 09:47:21.438"/>
</kw>
<kw name="Clicar no botão de pesquisa" library="amazon_resources">
<kw name="Click Element" library="SeleniumLibrary">
<arg>locator=//input[contains(@type,'submit')]</arg>
<doc>Click the element identified by ``locator``.</doc>
<msg timestamp="20230111 09:47:21.438" level="INFO">Clicking element '//input[contains(@type,'submit')]'.</msg>
<status status="PASS" starttime="20230111 09:47:21.438" endtime="20230111 09:47:21.602"/>
</kw>
<status status="PASS" starttime="20230111 09:47:21.438" endtime="20230111 09:47:21.602"/>
</kw>
<kw name="Verificar o resultado da pesquisa se está listando o produto &quot;Console Xbox Series S&quot;" library="amazon_resources" sourcename="Verificar o resultado da pesquisa se está listando o produto &quot;${PRODUTO}&quot;">
<kw name="Wait Until Element Is Enabled" library="SeleniumLibrary">
<arg>locator=(//span[contains(.,'${PRODUTO}')])[2]</arg>
<doc>Waits until the element ``locator`` is enabled.</doc>
<status status="PASS" starttime="20230111 09:47:21.610" endtime="20230111 09:47:22.871"/>
</kw>
<status status="PASS" starttime="20230111 09:47:21.602" endtime="20230111 09:47:22.871"/>
</kw>
<kw name="Adicionar o produto &quot;Console Xbox Series S&quot; no carrinho" library="amazon_resources">
<kw name="Click Element" library="SeleniumLibrary">
<arg>locator=//img[contains(@alt,'Console Xbox Series S')]</arg>
<doc>Click the element identified by ``locator``.</doc>
<msg timestamp="20230111 09:47:22.877" level="INFO">Clicking element '//img[contains(@alt,'Console Xbox Series S')]'.</msg>
<status status="PASS" starttime="20230111 09:47:22.877" endtime="20230111 09:47:23.332"/>
</kw>
<kw name="Sleep" library="BuiltIn">
<arg>5s</arg>
<doc>Pauses the test executed for the given time.</doc>
<msg timestamp="20230111 09:47:28.332" level="INFO">Slept 5 seconds</msg>
<status status="PASS" starttime="20230111 09:47:23.332" endtime="20230111 09:47:28.332"/>
</kw>
<kw name="Clicar em adicionar" library="amazon_resources">
<kw name="Click Element" library="SeleniumLibrary">
<arg>locator=//input[contains(@name,'submit.add-to-cart')]</arg>
<doc>Click the element identified by ``locator``.</doc>
<msg timestamp="20230111 09:47:28.332" level="INFO">Clicking element '//input[contains(@name,'submit.add-to-cart')]'.</msg>
<status status="PASS" starttime="20230111 09:47:28.332" endtime="20230111 09:47:29.954"/>
</kw>
<status status="PASS" starttime="20230111 09:47:28.332" endtime="20230111 09:47:29.954"/>
</kw>
<status status="PASS" starttime="20230111 09:47:22.877" endtime="20230111 09:47:29.954"/>
</kw>
<kw name="Verificar se o produto &quot;Console Xbox Series S&quot; foi adicionado com sucesso" library="amazon_resources">
<kw name="Click Element" library="SeleniumLibrary">
<arg>locator=//a[contains(@data-csa-c-type,'button')]</arg>
<doc>Click the element identified by ``locator``.</doc>
<msg timestamp="20230111 09:47:29.954" level="INFO">Clicking element '//a[contains(@data-csa-c-type,'button')]'.</msg>
<status status="PASS" starttime="20230111 09:47:29.954" endtime="20230111 09:47:31.850"/>
</kw>
<kw name="Element Should Be Visible" library="SeleniumLibrary">
<arg>locator=//span[@class='a-truncate-cut'][contains(.,'Console Xbox Series S')]</arg>
<doc>Verifies that the element identified by ``locator`` is visible.</doc>
<msg timestamp="20230111 09:47:31.900" level="INFO">Element '//span[@class='a-truncate-cut'][contains(.,'Console Xbox Series S')]' is displayed.</msg>
<status status="PASS" starttime="20230111 09:47:31.850" endtime="20230111 09:47:31.900"/>
</kw>
<status status="PASS" starttime="20230111 09:47:29.954" endtime="20230111 09:47:31.900"/>
</kw>
<kw name="Remover o produto &quot;Console Xbox Series S&quot; do carrinho" library="amazon_resources">
<kw name="Click Element" library="SeleniumLibrary">
<arg>locator=//input[contains(@name,'submit.delete.C82620110-55e5-48c6-a003-efcc664c5de9')]</arg>
<doc>Click the element identified by ``locator``.</doc>
<msg timestamp="20230111 09:47:31.908" level="INFO">Clicking element '//input[contains(@name,'submit.delete.C82620110-55e5-48c6-a003-efcc664c5de9')]'.</msg>
<msg timestamp="20230111 09:47:32.127" level="INFO" html="true">&lt;/td&gt;&lt;/tr&gt;&lt;tr&gt;&lt;td colspan="3"&gt;&lt;a href="selenium-screenshot-46.png"&gt;&lt;img src="selenium-screenshot-46.png" width="800px"&gt;&lt;/a&gt;</msg>
<msg timestamp="20230111 09:47:32.127" level="FAIL">Element with locator '//input[contains(@name,'submit.delete.C82620110-55e5-48c6-a003-efcc664c5de9')]' not found.</msg>
<status status="FAIL" starttime="20230111 09:47:31.900" endtime="20230111 09:47:32.135"/>
</kw>
<status status="FAIL" starttime="20230111 09:47:31.900" endtime="20230111 09:47:32.135"/>
</kw>
<kw name="Verificar se o carrinho fica vazio" library="amazon_resources">
<status status="NOT RUN" starttime="20230111 09:47:32.135" endtime="20230111 09:47:32.135"/>
</kw>
<kw name="Fechar o navegador" library="amazon_resources" type="TEARDOWN">
<kw name="Capture Page Screenshot" library="SeleniumLibrary">
<doc>Takes a screenshot of the current page and embeds it into a log file.</doc>
<msg timestamp="20230111 09:47:32.346" level="INFO" html="true">&lt;/td&gt;&lt;/tr&gt;&lt;tr&gt;&lt;td colspan="3"&gt;&lt;a href="selenium-screenshot-47.png"&gt;&lt;img src="selenium-screenshot-47.png" width="800px"&gt;&lt;/a&gt;</msg>
<status status="PASS" starttime="20230111 09:47:32.135" endtime="20230111 09:47:32.346"/>
</kw>
<kw name="Close Browser" library="SeleniumLibrary">
<doc>Closes the current browser.</doc>
<status status="PASS" starttime="20230111 09:47:32.346" endtime="20230111 09:47:34.653"/>
</kw>
<status status="PASS" starttime="20230111 09:47:32.135" endtime="20230111 09:47:34.653"/>
</kw>
<doc>Esse teste verifica a remoção de um produto no carrinho de compras</doc>
<tag>remover_carrinho</tag>
<status status="FAIL" starttime="20230111 09:47:17.008" endtime="20230111 09:47:34.653">Element with locator '//input[contains(@name,'submit.delete.C82620110-55e5-48c6-a003-efcc664c5de9')]' not found.</status>
</test>
<doc>Essa suite teste o site da Amazon.com</doc>
<status status="FAIL" starttime="20230111 09:47:16.788" endtime="20230111 09:47:34.657"/>
</suite>
<statistics>
<total>
<stat pass="0" fail="1" skip="0">All Tests</stat>
</total>
<tag>
<stat pass="0" fail="1" skip="0">remover_carrinho</stat>
</tag>
<suite>
<stat pass="0" fail="1" skip="0" id="s1" name="Amazon Testes">Amazon Testes</stat>
</suite>
</statistics>
<errors>
</errors>
</robot>
