<?xml version="1.0" encoding="UTF-8"?>
<robot generator="Robot 6.0.1 (Python 3.11.1 on win32)" generated="20230105 21:04:27.753" rpa="false" schemaversion="3">
<suite id="s1" name="Amazon Testes" source="C:\PocRobot\RobotFramework\WebTesting\amazon_testes.robot">
<test id="s1-t1" name="Caso de Teste 01 - Acesso ao menu &quot;Eletronicos&quot;" line="10">
<kw name="Abrir o navegador" library="amazon_resources" type="SETUP">
<kw name="Open Browser" library="SeleniumLibrary">
<arg>browser=chrome</arg>
<doc>Opens a new browser instance to the optional ``url``.</doc>
<msg timestamp="20230105 21:04:28.049" level="INFO">Opening browser 'chrome' to base url 'None'.</msg>
<status status="PASS" starttime="20230105 21:04:28.049" endtime="20230105 21:04:29.485"/>
</kw>
<kw name="Maximize Browser Window" library="SeleniumLibrary">
<doc>Maximizes current browser window.</doc>
<status status="PASS" starttime="20230105 21:04:29.485" endtime="20230105 21:04:29.620"/>
</kw>
<status status="PASS" starttime="20230105 21:04:28.049" endtime="20230105 21:04:29.620"/>
</kw>
<kw name="Acessar a home page do site Amazon.com.br" library="amazon_resources">
<kw name="Go To" library="SeleniumLibrary">
<arg>url=${URL}</arg>
<doc>Navigates the current browser window to the provided ``url``.</doc>
<msg timestamp="20230105 21:04:29.629" level="INFO">Opening url 'https://www.amazon.com.br'</msg>
<status status="PASS" starttime="20230105 21:04:29.629" endtime="20230105 21:04:34.187"/>
</kw>
<kw name="Wait Until Element Is Visible" library="SeleniumLibrary">
<arg>locator=${MENU_ELETRONICOS}</arg>
<doc>Waits until the element ``locator`` is visible.</doc>
<status status="PASS" starttime="20230105 21:04:34.187" endtime="20230105 21:04:34.218"/>
</kw>
<status status="PASS" starttime="20230105 21:04:29.629" endtime="20230105 21:04:34.218"/>
</kw>
<kw name="Verificar se o título da página fica &quot;Amazon.com.br | Tudo pra você, de A a Z.&quot;" library="amazon_resources" sourcename="Verificar se o título da página fica &quot;${TITULO}&quot;">
<kw name="Title Should Be" library="SeleniumLibrary">
<arg>title=${TITULO}</arg>
<doc>Verifies that the current page title equals ``title``.</doc>
<msg timestamp="20230105 21:04:34.234" level="INFO">Page title is 'Amazon.com.br | Tudo pra você, de A a Z.'.</msg>
<status status="PASS" starttime="20230105 21:04:34.218" endtime="20230105 21:04:34.234"/>
</kw>
<status status="PASS" starttime="20230105 21:04:34.218" endtime="20230105 21:04:34.234"/>
</kw>
<kw name="Entrar no menu &quot;Eletrônicos&quot;" library="amazon_resources">
<kw name="Click Element" library="SeleniumLibrary">
<arg>locator=${MENU_ELETRONICOS}</arg>
<doc>Click the element identified by ``locator``.</doc>
<msg timestamp="20230105 21:04:34.234" level="INFO">Clicking element '//a[@href='/Eletronicos-e-Tecnologia/b/?ie=UTF8&amp;node=16209062011&amp;ref_=nav_cs_electronics'][contains(.,'Eletrônicos')]'.</msg>
<status status="PASS" starttime="20230105 21:04:34.234" endtime="20230105 21:04:35.380"/>
</kw>
<status status="PASS" starttime="20230105 21:04:34.234" endtime="20230105 21:04:35.380"/>
</kw>
<kw name="Verificar se aparece a frase &quot;Eletrônicos e Tecnologia&quot;" library="amazon_resources" sourcename="Verificar se aparece a frase &quot;${FRASE}&quot;">
<kw name="Wait Until Page Contains" library="SeleniumLibrary">
<arg>text=${FRASE}</arg>
<doc>Waits until ``text`` appears on the current page.</doc>
<status status="PASS" starttime="20230105 21:04:35.380" endtime="20230105 21:04:35.901"/>
</kw>
<kw name="Wait Until Element Is Visible" library="SeleniumLibrary">
<arg>locator=${HEADER_ELETRONICOS}</arg>
<doc>Waits until the element ``locator`` is visible.</doc>
<status status="PASS" starttime="20230105 21:04:35.901" endtime="20230105 21:04:36.333"/>
</kw>
<status status="PASS" starttime="20230105 21:04:35.380" endtime="20230105 21:04:36.333"/>
</kw>
<kw name="Verificar se o título da página fica &quot;Eletrônicos e Tecnologia | Amazon.com.br&quot;" library="amazon_resources" sourcename="Verificar se o título da página fica &quot;${TITULO}&quot;">
<kw name="Title Should Be" library="SeleniumLibrary">
<arg>title=${TITULO}</arg>
<doc>Verifies that the current page title equals ``title``.</doc>
<msg timestamp="20230105 21:04:36.487" level="INFO">Page title is 'Eletrônicos e Tecnologia | Amazon.com.br'.</msg>
<status status="PASS" starttime="20230105 21:04:36.333" endtime="20230105 21:04:36.487"/>
</kw>
<status status="PASS" starttime="20230105 21:04:36.333" endtime="20230105 21:04:36.487"/>
</kw>
<kw name="Verificar se aparece a categoria &quot;Computadores e Informática&quot;" library="amazon_resources" sourcename="Verificar se aparece a categoria &quot;${NOME_CATEGORIA}&quot;">
<kw name="Element Should Be Visible" library="SeleniumLibrary">
<arg>locator=//span[@dir='auto'][contains(.,'${NOME_CATEGORIA}')]</arg>
<doc>Verifies that the element identified by ``locator`` is visible.</doc>
<msg timestamp="20230105 21:04:36.728" level="INFO">Element '//span[@dir='auto'][contains(.,'Computadores e Informática')]' is displayed.</msg>
<status status="PASS" starttime="20230105 21:04:36.487" endtime="20230105 21:04:36.728"/>
</kw>
<status status="PASS" starttime="20230105 21:04:36.487" endtime="20230105 21:04:36.728"/>
</kw>
<kw name="Fechar o navegador" library="amazon_resources" type="TEARDOWN">
<kw name="Capture Page Screenshot" library="SeleniumLibrary">
<doc>Takes a screenshot of the current page and embeds it into a log file.</doc>
<msg timestamp="20230105 21:04:37.000" level="INFO" html="true">&lt;/td&gt;&lt;/tr&gt;&lt;tr&gt;&lt;td colspan="3"&gt;&lt;a href="selenium-screenshot-12.png"&gt;&lt;img src="selenium-screenshot-12.png" width="800px"&gt;&lt;/a&gt;</msg>
<status status="PASS" starttime="20230105 21:04:36.728" endtime="20230105 21:04:37.000"/>
</kw>
<kw name="Close Browser" library="SeleniumLibrary">
<doc>Closes the current browser.</doc>
<status status="PASS" starttime="20230105 21:04:37.000" endtime="20230105 21:04:39.342"/>
</kw>
<status status="PASS" starttime="20230105 21:04:36.728" endtime="20230105 21:04:39.342"/>
</kw>
<doc>Esse teste verifica o menu Eletronicos da Amazon
e verifica a categoria Computadores e Informática</doc>
<tag>categoria</tag>
<tag>menus</tag>
<status status="PASS" starttime="20230105 21:04:28.049" endtime="20230105 21:04:39.342"/>
</test>
<test id="s1-t2" name="Caso de Teste 02 - Pesquisa de um Produto" line="23">
<kw name="Abrir o navegador" library="amazon_resources" type="SETUP">
<kw name="Open Browser" library="SeleniumLibrary">
<arg>browser=chrome</arg>
<doc>Opens a new browser instance to the optional ``url``.</doc>
<msg timestamp="20230105 21:04:39.350" level="INFO">Opening browser 'chrome' to base url 'None'.</msg>
<status status="PASS" starttime="20230105 21:04:39.350" endtime="20230105 21:04:40.528"/>
</kw>
<kw name="Maximize Browser Window" library="SeleniumLibrary">
<doc>Maximizes current browser window.</doc>
<status status="PASS" starttime="20230105 21:04:40.528" endtime="20230105 21:04:40.666"/>
</kw>
<status status="PASS" starttime="20230105 21:04:39.350" endtime="20230105 21:04:40.666"/>
</kw>
<kw name="Acessar a home page do site Amazon.com.br" library="amazon_resources">
<kw name="Go To" library="SeleniumLibrary">
<arg>url=${URL}</arg>
<doc>Navigates the current browser window to the provided ``url``.</doc>
<msg timestamp="20230105 21:04:40.666" level="INFO">Opening url 'https://www.amazon.com.br'</msg>
<status status="PASS" starttime="20230105 21:04:40.666" endtime="20230105 21:04:42.617"/>
</kw>
<kw name="Wait Until Element Is Visible" library="SeleniumLibrary">
<arg>locator=${MENU_ELETRONICOS}</arg>
<doc>Waits until the element ``locator`` is visible.</doc>
<msg timestamp="20230105 21:04:48.142" level="INFO" html="true">&lt;/td&gt;&lt;/tr&gt;&lt;tr&gt;&lt;td colspan="3"&gt;&lt;a href="selenium-screenshot-13.png"&gt;&lt;img src="selenium-screenshot-13.png" width="800px"&gt;&lt;/a&gt;</msg>
<msg timestamp="20230105 21:04:48.142" level="FAIL">Element '//a[@href='/Eletronicos-e-Tecnologia/b/?ie=UTF8&amp;node=16209062011&amp;ref_=nav_cs_electronics'][contains(.,'Eletrônicos')]' not visible after 5 seconds.</msg>
<status status="FAIL" starttime="20230105 21:04:42.617" endtime="20230105 21:04:48.150"/>
</kw>
<status status="FAIL" starttime="20230105 21:04:40.666" endtime="20230105 21:04:48.150"/>
</kw>
<kw name="Digitar o nome de produto &quot;Xbox Series S&quot; no campo de pesquisa" library="amazon_resources" sourcename="Digitar o nome de produto &quot;${PRODUTO}&quot; no campo de pesquisa">
<status status="NOT RUN" starttime="20230105 21:04:48.150" endtime="20230105 21:04:48.150"/>
</kw>
<kw name="Clicar no botão de pesquisa" library="amazon_resources">
<status status="NOT RUN" starttime="20230105 21:04:48.150" endtime="20230105 21:04:48.150"/>
</kw>
<kw name="Verificar o resultado da pesquisa se esta listando o &quot;Console Xbox Series S&quot; pesquisado">
<status status="NOT RUN" starttime="20230105 21:04:48.164" endtime="20230105 21:04:48.164"/>
</kw>
<kw name="Fechar o navegador" library="amazon_resources" type="TEARDOWN">
<kw name="Capture Page Screenshot" library="SeleniumLibrary">
<doc>Takes a screenshot of the current page and embeds it into a log file.</doc>
<msg timestamp="20230105 21:04:48.507" level="INFO" html="true">&lt;/td&gt;&lt;/tr&gt;&lt;tr&gt;&lt;td colspan="3"&gt;&lt;a href="selenium-screenshot-14.png"&gt;&lt;img src="selenium-screenshot-14.png" width="800px"&gt;&lt;/a&gt;</msg>
<status status="PASS" starttime="20230105 21:04:48.165" endtime="20230105 21:04:48.507"/>
</kw>
<kw name="Close Browser" library="SeleniumLibrary">
<doc>Closes the current browser.</doc>
<status status="PASS" starttime="20230105 21:04:48.507" endtime="20230105 21:04:50.877"/>
</kw>
<status status="PASS" starttime="20230105 21:04:48.165" endtime="20230105 21:04:50.877"/>
</kw>
<doc>Esse teste verifica a busca de um produto</doc>
<tag>busca_produtos</tag>
<tag>lista_busca</tag>
<status status="FAIL" starttime="20230105 21:04:39.342" endtime="20230105 21:04:50.877">Element '//a[@href='/Eletronicos-e-Tecnologia/b/?ie=UTF8&amp;node=16209062011&amp;ref_=nav_cs_electronics'][contains(.,'Eletrônicos')]' not visible after 5 seconds.</status>
</test>
<test id="s1-t3" name="Caso de Teste 03 - Adicionar Produto no Carrinho" line="33">
<kw name="Abrir o navegador" library="amazon_resources" type="SETUP">
<kw name="Open Browser" library="SeleniumLibrary">
<arg>browser=chrome</arg>
<doc>Opens a new browser instance to the optional ``url``.</doc>
<msg timestamp="20230105 21:04:50.885" level="INFO">Opening browser 'chrome' to base url 'None'.</msg>
<status status="PASS" starttime="20230105 21:04:50.877" endtime="20230105 21:04:52.039"/>
</kw>
<kw name="Maximize Browser Window" library="SeleniumLibrary">
<doc>Maximizes current browser window.</doc>
<status status="PASS" starttime="20230105 21:04:52.040" endtime="20230105 21:04:52.164"/>
</kw>
<status status="PASS" starttime="20230105 21:04:50.877" endtime="20230105 21:04:52.164"/>
</kw>
<kw name="Acessar a home page do site Amazon.com.br" library="amazon_resources">
<kw name="Go To" library="SeleniumLibrary">
<arg>url=${URL}</arg>
<doc>Navigates the current browser window to the provided ``url``.</doc>
<msg timestamp="20230105 21:04:52.164" level="INFO">Opening url 'https://www.amazon.com.br'</msg>
<status status="PASS" starttime="20230105 21:04:52.164" endtime="20230105 21:04:55.901"/>
</kw>
<kw name="Wait Until Element Is Visible" library="SeleniumLibrary">
<arg>locator=${MENU_ELETRONICOS}</arg>
<doc>Waits until the element ``locator`` is visible.</doc>
<status status="PASS" starttime="20230105 21:04:55.901" endtime="20230105 21:04:55.956"/>
</kw>
<status status="PASS" starttime="20230105 21:04:52.164" endtime="20230105 21:04:55.956"/>
</kw>
<kw name="Digitar o nome de produto &quot;Xbox Series S&quot; no campo de pesquisa" library="amazon_resources" sourcename="Digitar o nome de produto &quot;${PRODUTO}&quot; no campo de pesquisa">
<kw name="Input Text" library="SeleniumLibrary">
<arg>locator=//input[contains(@type,'text')]</arg>
<arg>text=${PRODUTO}</arg>
<doc>Types the given ``text`` into the text field identified by ``locator``.</doc>
<msg timestamp="20230105 21:04:55.956" level="INFO">Typing text 'Xbox Series S' into text field '//input[contains(@type,'text')]'.</msg>
<status status="PASS" starttime="20230105 21:04:55.956" endtime="20230105 21:04:56.263"/>
</kw>
<status status="PASS" starttime="20230105 21:04:55.956" endtime="20230105 21:04:56.263"/>
</kw>
<kw name="Clicar no botão de pesquisa" library="amazon_resources">
<kw name="Click Element" library="SeleniumLibrary">
<arg>locator=//input[contains(@type,'submit')]</arg>
<doc>Click the element identified by ``locator``.</doc>
<msg timestamp="20230105 21:04:56.264" level="INFO">Clicking element '//input[contains(@type,'submit')]'.</msg>
<status status="PASS" starttime="20230105 21:04:56.264" endtime="20230105 21:04:56.512"/>
</kw>
<status status="PASS" starttime="20230105 21:04:56.263" endtime="20230105 21:04:56.512"/>
</kw>
<kw name="Verificar o resultado da pesquisa se está listando o produto &quot;Console Xbox Series S&quot;" library="amazon_resources" sourcename="Verificar o resultado da pesquisa se está listando o produto &quot;${PRODUTO}&quot;">
<kw name="Wait Until Element Is Enabled" library="SeleniumLibrary">
<arg>locator=(//span[contains(.,'${PRODUTO}')])[2]</arg>
<doc>Waits until the element ``locator`` is enabled.</doc>
<status status="PASS" starttime="20230105 21:04:56.512" endtime="20230105 21:04:57.532"/>
</kw>
<status status="PASS" starttime="20230105 21:04:56.512" endtime="20230105 21:04:57.532"/>
</kw>
<kw name="Adicionar o produto &quot;Console Xbox Series S&quot; no carrinho" library="amazon_resources">
<kw name="Click Element" library="SeleniumLibrary">
<arg>locator=//img[contains(@alt,'Console Xbox Series S')]</arg>
<doc>Click the element identified by ``locator``.</doc>
<msg timestamp="20230105 21:04:57.533" level="INFO">Clicking element '//img[contains(@alt,'Console Xbox Series S')]'.</msg>
<status status="PASS" starttime="20230105 21:04:57.533" endtime="20230105 21:05:01.308"/>
</kw>
<kw name="Click Element" library="SeleniumLibrary">
<arg>locator=//input[contains(@name,'submit.add-to-cart')]</arg>
<doc>Click the element identified by ``locator``.</doc>
<msg timestamp="20230105 21:05:01.308" level="INFO">Clicking element '//input[contains(@name,'submit.add-to-cart')]'.</msg>
<status status="PASS" starttime="20230105 21:05:01.308" endtime="20230105 21:05:02.689"/>
</kw>
<status status="PASS" starttime="20230105 21:04:57.533" endtime="20230105 21:05:02.689"/>
</kw>
<kw name="Verificar se o produto &quot;Console Xbox Series S&quot; foi adicionado com sucesso" library="amazon_resources">
<kw name="Click Element" library="SeleniumLibrary">
<arg>locator=//a[contains(@data-csa-c-type,'button')]</arg>
<doc>Click the element identified by ``locator``.</doc>
<msg timestamp="20230105 21:05:02.690" level="INFO">Clicking element '//a[contains(@data-csa-c-type,'button')]'.</msg>
<status status="PASS" starttime="20230105 21:05:02.690" endtime="20230105 21:05:04.863"/>
</kw>
<kw name="Element Should Be Visible" library="SeleniumLibrary">
<arg>locator=//span[@class='a-truncate-cut'][contains(.,'Console Xbox Series S')]</arg>
<doc>Verifies that the element identified by ``locator`` is visible.</doc>
<msg timestamp="20230105 21:05:04.934" level="INFO">Element '//span[@class='a-truncate-cut'][contains(.,'Console Xbox Series S')]' is displayed.</msg>
<status status="PASS" starttime="20230105 21:05:04.863" endtime="20230105 21:05:04.934"/>
</kw>
<status status="PASS" starttime="20230105 21:05:02.689" endtime="20230105 21:05:04.938"/>
</kw>
<kw name="Fechar o navegador" library="amazon_resources" type="TEARDOWN">
<kw name="Capture Page Screenshot" library="SeleniumLibrary">
<doc>Takes a screenshot of the current page and embeds it into a log file.</doc>
<msg timestamp="20230105 21:05:05.154" level="INFO" html="true">&lt;/td&gt;&lt;/tr&gt;&lt;tr&gt;&lt;td colspan="3"&gt;&lt;a href="selenium-screenshot-15.png"&gt;&lt;img src="selenium-screenshot-15.png" width="800px"&gt;&lt;/a&gt;</msg>
<status status="PASS" starttime="20230105 21:05:04.938" endtime="20230105 21:05:05.154"/>
</kw>
<kw name="Close Browser" library="SeleniumLibrary">
<doc>Closes the current browser.</doc>
<status status="PASS" starttime="20230105 21:05:05.154" endtime="20230105 21:05:07.501"/>
</kw>
<status status="PASS" starttime="20230105 21:05:04.938" endtime="20230105 21:05:07.501"/>
</kw>
<doc>Esse teste verifica a adição de um produto no carrinho de compras</doc>
<tag>adicionar_carrinho</tag>
<status status="PASS" starttime="20230105 21:04:50.877" endtime="20230105 21:05:07.501"/>
</test>
<test id="s1-t4" name="Caso de Teste 04 - Remover Produto do Carrinho" line="43">
<kw name="Abrir o navegador" library="amazon_resources" type="SETUP">
<kw name="Open Browser" library="SeleniumLibrary">
<arg>browser=chrome</arg>
<doc>Opens a new browser instance to the optional ``url``.</doc>
<msg timestamp="20230105 21:05:07.507" level="INFO">Opening browser 'chrome' to base url 'None'.</msg>
<status status="PASS" starttime="20230105 21:05:07.507" endtime="20230105 21:05:08.695"/>
</kw>
<kw name="Maximize Browser Window" library="SeleniumLibrary">
<doc>Maximizes current browser window.</doc>
<status status="PASS" starttime="20230105 21:05:08.695" endtime="20230105 21:05:08.826"/>
</kw>
<status status="PASS" starttime="20230105 21:05:07.507" endtime="20230105 21:05:08.826"/>
</kw>
<kw name="Acessar a home page do site Amazon.com.br" library="amazon_resources">
<kw name="Go To" library="SeleniumLibrary">
<arg>url=${URL}</arg>
<doc>Navigates the current browser window to the provided ``url``.</doc>
<msg timestamp="20230105 21:05:08.834" level="INFO">Opening url 'https://www.amazon.com.br'</msg>
<status status="PASS" starttime="20230105 21:05:08.834" endtime="20230105 21:05:11.660"/>
</kw>
<kw name="Wait Until Element Is Visible" library="SeleniumLibrary">
<arg>locator=${MENU_ELETRONICOS}</arg>
<doc>Waits until the element ``locator`` is visible.</doc>
<status status="PASS" starttime="20230105 21:05:11.660" endtime="20230105 21:05:11.696"/>
</kw>
<status status="PASS" starttime="20230105 21:05:08.834" endtime="20230105 21:05:11.696"/>
</kw>
<kw name="Digitar o nome de produto &quot;Xbox Series S&quot; no campo de pesquisa" library="amazon_resources" sourcename="Digitar o nome de produto &quot;${PRODUTO}&quot; no campo de pesquisa">
<kw name="Input Text" library="SeleniumLibrary">
<arg>locator=//input[contains(@type,'text')]</arg>
<arg>text=${PRODUTO}</arg>
<doc>Types the given ``text`` into the text field identified by ``locator``.</doc>
<msg timestamp="20230105 21:05:11.704" level="INFO">Typing text 'Xbox Series S' into text field '//input[contains(@type,'text')]'.</msg>
<status status="PASS" starttime="20230105 21:05:11.704" endtime="20230105 21:05:12.021"/>
</kw>
<status status="PASS" starttime="20230105 21:05:11.704" endtime="20230105 21:05:12.021"/>
</kw>
<kw name="Clicar no botão de pesquisa" library="amazon_resources">
<kw name="Click Element" library="SeleniumLibrary">
<arg>locator=//input[contains(@type,'submit')]</arg>
<doc>Click the element identified by ``locator``.</doc>
<msg timestamp="20230105 21:05:12.021" level="INFO">Clicking element '//input[contains(@type,'submit')]'.</msg>
<status status="PASS" starttime="20230105 21:05:12.021" endtime="20230105 21:05:12.148"/>
</kw>
<status status="PASS" starttime="20230105 21:05:12.021" endtime="20230105 21:05:12.148"/>
</kw>
<kw name="Verificar o resultado da pesquisa se está listando o produto &quot;Console Xbox Series S&quot;" library="amazon_resources" sourcename="Verificar o resultado da pesquisa se está listando o produto &quot;${PRODUTO}&quot;">
<kw name="Wait Until Element Is Enabled" library="SeleniumLibrary">
<arg>locator=(//span[contains(.,'${PRODUTO}')])[2]</arg>
<doc>Waits until the element ``locator`` is enabled.</doc>
<status status="PASS" starttime="20230105 21:05:12.150" endtime="20230105 21:05:13.003"/>
</kw>
<status status="PASS" starttime="20230105 21:05:12.148" endtime="20230105 21:05:13.003"/>
</kw>
<kw name="Adicionar o produto &quot;Console Xbox Series S&quot; no carrinho" library="amazon_resources">
<kw name="Click Element" library="SeleniumLibrary">
<arg>locator=//img[contains(@alt,'Console Xbox Series S')]</arg>
<doc>Click the element identified by ``locator``.</doc>
<msg timestamp="20230105 21:05:13.003" level="INFO">Clicking element '//img[contains(@alt,'Console Xbox Series S')]'.</msg>
<status status="PASS" starttime="20230105 21:05:13.003" endtime="20230105 21:05:17.779"/>
</kw>
<kw name="Click Element" library="SeleniumLibrary">
<arg>locator=//input[contains(@name,'submit.add-to-cart')]</arg>
<doc>Click the element identified by ``locator``.</doc>
<msg timestamp="20230105 21:05:17.779" level="INFO">Clicking element '//input[contains(@name,'submit.add-to-cart')]'.</msg>
<status status="PASS" starttime="20230105 21:05:17.779" endtime="20230105 21:05:19.180"/>
</kw>
<status status="PASS" starttime="20230105 21:05:13.003" endtime="20230105 21:05:19.180"/>
</kw>
<kw name="Verificar se o produto &quot;Console Xbox Series S&quot; foi adicionado com sucesso" library="amazon_resources">
<kw name="Click Element" library="SeleniumLibrary">
<arg>locator=//a[contains(@data-csa-c-type,'button')]</arg>
<doc>Click the element identified by ``locator``.</doc>
<msg timestamp="20230105 21:05:19.180" level="INFO">Clicking element '//a[contains(@data-csa-c-type,'button')]'.</msg>
<status status="PASS" starttime="20230105 21:05:19.180" endtime="20230105 21:05:21.372"/>
</kw>
<kw name="Element Should Be Visible" library="SeleniumLibrary">
<arg>locator=//span[@class='a-truncate-cut'][contains(.,'Console Xbox Series S')]</arg>
<doc>Verifies that the element identified by ``locator`` is visible.</doc>
<msg timestamp="20230105 21:05:21.419" level="INFO">Element '//span[@class='a-truncate-cut'][contains(.,'Console Xbox Series S')]' is displayed.</msg>
<status status="PASS" starttime="20230105 21:05:21.372" endtime="20230105 21:05:21.419"/>
</kw>
<status status="PASS" starttime="20230105 21:05:19.180" endtime="20230105 21:05:21.419"/>
</kw>
<kw name="Remover o produto &quot;Console Xbox Series S&quot; do carrinho" library="amazon_resources">
<kw name="Click Element" library="SeleniumLibrary">
<arg>locator=//input[contains(@name,'submit.delete.Cdc4abb17-4fd8-4c27-82b0-800d46de9e92')]</arg>
<doc>Click the element identified by ``locator``.</doc>
<msg timestamp="20230105 21:05:21.427" level="INFO">Clicking element '//input[contains(@name,'submit.delete.Cdc4abb17-4fd8-4c27-82b0-800d46de9e92')]'.</msg>
<msg timestamp="20230105 21:05:21.661" level="INFO" html="true">&lt;/td&gt;&lt;/tr&gt;&lt;tr&gt;&lt;td colspan="3"&gt;&lt;a href="selenium-screenshot-16.png"&gt;&lt;img src="selenium-screenshot-16.png" width="800px"&gt;&lt;/a&gt;</msg>
<msg timestamp="20230105 21:05:21.661" level="FAIL">Element with locator '//input[contains(@name,'submit.delete.Cdc4abb17-4fd8-4c27-82b0-800d46de9e92')]' not found.</msg>
<status status="FAIL" starttime="20230105 21:05:21.427" endtime="20230105 21:05:21.665"/>
</kw>
<status status="FAIL" starttime="20230105 21:05:21.427" endtime="20230105 21:05:21.665"/>
</kw>
<kw name="Verificar se o carrinho fica vazio" library="amazon_resources">
<status status="NOT RUN" starttime="20230105 21:05:21.668" endtime="20230105 21:05:21.668"/>
</kw>
<kw name="Fechar o navegador" library="amazon_resources" type="TEARDOWN">
<kw name="Capture Page Screenshot" library="SeleniumLibrary">
<doc>Takes a screenshot of the current page and embeds it into a log file.</doc>
<msg timestamp="20230105 21:05:21.852" level="INFO" html="true">&lt;/td&gt;&lt;/tr&gt;&lt;tr&gt;&lt;td colspan="3"&gt;&lt;a href="selenium-screenshot-17.png"&gt;&lt;img src="selenium-screenshot-17.png" width="800px"&gt;&lt;/a&gt;</msg>
<status status="PASS" starttime="20230105 21:05:21.670" endtime="20230105 21:05:21.852"/>
</kw>
<kw name="Close Browser" library="SeleniumLibrary">
<doc>Closes the current browser.</doc>
<status status="PASS" starttime="20230105 21:05:21.852" endtime="20230105 21:05:24.169"/>
</kw>
<status status="PASS" starttime="20230105 21:05:21.670" endtime="20230105 21:05:24.169"/>
</kw>
<doc>Esse teste verifica a remoção de um produto no carrinho de compras</doc>
<tag>remover_carrinho</tag>
<status status="FAIL" starttime="20230105 21:05:07.505" endtime="20230105 21:05:24.169">Element with locator '//input[contains(@name,'submit.delete.Cdc4abb17-4fd8-4c27-82b0-800d46de9e92')]' not found.</status>
</test>
<doc>Essa suite teste o site da Amazon.com</doc>
<status status="FAIL" starttime="20230105 21:04:27.762" endtime="20230105 21:05:24.175"/>
</suite>
<statistics>
<total>
<stat pass="2" fail="2" skip="0">All Tests</stat>
</total>
<tag>
<stat pass="1" fail="0" skip="0">adicionar_carrinho</stat>
<stat pass="0" fail="1" skip="0">busca_produtos</stat>
<stat pass="1" fail="0" skip="0">categoria</stat>
<stat pass="0" fail="1" skip="0">lista_busca</stat>
<stat pass="1" fail="0" skip="0">menus</stat>
<stat pass="0" fail="1" skip="0">remover_carrinho</stat>
</tag>
<suite>
<stat pass="2" fail="2" skip="0" id="s1" name="Amazon Testes">Amazon Testes</stat>
</suite>
</statistics>
<errors>
</errors>
</robot>
